#
# There is insufficient memory for the Java Runtime Environment to continue.
# Native memory allocation (malloc) failed to allocate 183616 bytes for Chunk::new
# Possible reasons:
#   The system is out of physical RAM or swap space
#   The process is running with CompressedOops enabled, and the Java Heap may be blocking the growth of the native heap
# Possible solutions:
#   Reduce memory load on the system
#   Increase physical memory or swap space
#   Check if swap backing store is full
#   Decrease Java heap size (-Xmx/-Xms)
#   Decrease number of Java threads
#   Decrease Java thread stack sizes (-Xss)
#   Set larger code cache with -XX:ReservedCodeCacheSize=
#   JVM is running with Unscaled Compressed Oops mode in which the Java heap is
#     placed in the first 4GB address space. The Java Heap base address is the
#     maximum limit for the native heap growth. Please use -XX:HeapBaseMinAddress
#     to set the Java Heap base and to place the Java Heap above 4GB virtual address.
# This output file may be truncated or incomplete.
#
#  Out of Memory Error (allocation.cpp:389), pid=124084, tid=0x000000000001400c
#
# JRE version: OpenJDK Runtime Environment (8.0_202-b03) (build 1.8.0_202-release-1483-b03)
# Java VM: OpenJDK 64-Bit Server VM (25.202-b03 mixed mode windows-amd64 compressed oops)
# Failed to write core dump. Minidumps are not enabled by default on client versions of Windows
#

---------------  T H R E A D  ---------------

Current thread (0x0000000018a01000):  JavaThread "C2 CompilerThread2" daemon [_thread_in_native, id=81932, stack(0x00000000194d0000,0x00000000195d0000)]

Stack: [0x00000000194d0000,0x00000000195d0000]
[error occurred during error reporting (printing stack bounds), id 0xc0000005]

Native frames: (J=compiled Java code, j=interpreted, Vv=VM code, C=native code)


Current CompileTask:
C2:5940566 14444       4       com.android.tools.r8.ir.analysis.constant.SparseConditionalConstantPropagation::visitInstruction (86 bytes)


---------------  P R O C E S S  ---------------

Java Threads: ( => current thread )
  0x000000001de9e000 JavaThread "ForkJoinPool.commonPool-worker-2" daemon [_thread_in_Java, id=128948, stack(0x0000000026e90000,0x0000000026f90000)]
  0x000000001e736800 JavaThread "ForkJoinPool.commonPool-worker-1" daemon [_thread_blocked, id=126216, stack(0x0000000026c90000,0x0000000026d90000)]
  0x000000001e732000 JavaThread "ForkJoinPool.commonPool-worker-0" daemon [_thread_in_native, id=128676, stack(0x000000001cf10000,0x000000001d010000)]
  0x000000001e733800 JavaThread "Cache worker for Java compile cache (C:\AndroidStudioProjects\EmployeePassAndVehicleRequisition\.gradle\5.1.1\javaCompile)" [_thread_blocked, id=127964, stack(0x0000000026d90000,0x0000000026e90000)]
  0x000000001e733000 JavaThread "Cache worker for Java compile cache (C:\Users\ian.malabanan\.gradle\caches\5.1.1\javaCompile)" [_thread_blocked, id=127400, stack(0x00000000263d0000,0x00000000264d0000)]
  0x000000001e734800 JavaThread "stdout" daemon [_thread_in_native, id=129516, stack(0x0000000028a90000,0x0000000028b90000)]
  0x000000001e737800 JavaThread "stderr" daemon [_thread_in_native, id=129552, stack(0x0000000028990000,0x0000000028a90000)]
  0x000000001e72a800 JavaThread "stdout" daemon [_thread_in_native, id=98944, stack(0x0000000028890000,0x0000000028990000)]
  0x000000001e731800 JavaThread "stderr" daemon [_thread_in_native, id=128952, stack(0x0000000028790000,0x0000000028890000)]
  0x000000001e72a000 JavaThread "stdout" daemon [_thread_in_native, id=126624, stack(0x0000000028690000,0x0000000028790000)]
  0x000000001e72e800 JavaThread "stderr" daemon [_thread_in_native, id=118960, stack(0x0000000028590000,0x0000000028690000)]
  0x000000001e72c000 JavaThread "stdout" daemon [_thread_in_native, id=129412, stack(0x0000000028490000,0x0000000028590000)]
  0x000000001e730800 JavaThread "stderr" daemon [_thread_in_native, id=129416, stack(0x0000000028390000,0x0000000028490000)]
  0x000000001e730000 JavaThread "stdout" daemon [_thread_in_native, id=129092, stack(0x0000000028290000,0x0000000028390000)]
  0x000000001e72d800 JavaThread "stderr" daemon [_thread_in_native, id=122472, stack(0x0000000028190000,0x0000000028290000)]
  0x000000001e729000 JavaThread "stdout" daemon [_thread_in_native, id=128048, stack(0x0000000027f90000,0x0000000028090000)]
  0x000000001e728800 JavaThread "stderr" daemon [_thread_in_native, id=126500, stack(0x0000000027e90000,0x0000000027f90000)]
  0x000000001e72f000 JavaThread "stdout" daemon [_thread_in_native, id=128260, stack(0x0000000027d90000,0x0000000027e90000)]
  0x000000001e72d000 JavaThread "stderr" daemon [_thread_in_native, id=122784, stack(0x0000000027c90000,0x0000000027d90000)]
  0x000000001e72b800 JavaThread "pool-3-thread-1" [_thread_blocked, id=130028, stack(0x0000000027b90000,0x0000000027c90000)]
  0x000000001deaa800 JavaThread "MarlinRenderer Disposer" daemon [_thread_blocked, id=129900, stack(0x0000000027890000,0x0000000027990000)]
  0x000000001deaa000 JavaThread "Java2D Disposer" daemon [_thread_blocked, id=129876, stack(0x0000000027790000,0x0000000027890000)]
  0x000000001dea8800 JavaThread "ForkJoinPool.commonPool-worker-5" daemon [_thread_blocked, id=129804, stack(0x0000000026f90000,0x0000000027090000)]
  0x000000001dea3000 JavaThread "Cache worker for execution history cache (C:\AndroidStudioProjects\EmployeePassAndVehicleRequisition\.gradle\5.1.1\executionHistory)" [_thread_blocked, id=129536, stack(0x0000000025290000,0x0000000025390000)]
  0x000000001de9b800 JavaThread "Execution worker for ':' Thread 7" [_thread_blocked, id=129508, stack(0x0000000026b90000,0x0000000026c90000)]
  0x000000001dea1800 JavaThread "Execution worker for ':' Thread 6" [_thread_blocked, id=129504, stack(0x0000000026a90000,0x0000000026b90000)]
  0x000000001dea0000 JavaThread "Execution worker for ':' Thread 5" [_thread_blocked, id=129500, stack(0x0000000026990000,0x0000000026a90000)]
  0x000000001dea2800 JavaThread "Execution worker for ':' Thread 4" [_thread_blocked, id=129496, stack(0x0000000026890000,0x0000000026990000)]
  0x000000001dea1000 JavaThread "Execution worker for ':' Thread 3" [_thread_blocked, id=129492, stack(0x0000000026790000,0x0000000026890000)]
  0x000000001de9f800 JavaThread "Execution worker for ':' Thread 2" [_thread_blocked, id=129488, stack(0x0000000026690000,0x0000000026790000)]
  0x000000001de9e800 JavaThread "Execution worker for ':'" [_thread_blocked, id=129484, stack(0x0000000026590000,0x0000000026690000)]
  0x0000000019fc8800 JavaThread "Cache worker for file content cache (C:\AndroidStudioProjects\EmployeePassAndVehicleRequisition\.gradle\5.1.1\fileContent)" [_thread_blocked, id=129476, stack(0x0000000025190000,0x0000000025290000)]
  0x0000000019fc7000 JavaThread "Cache worker for file content cache (C:\Users\ian.malabanan\.gradle\caches\5.1.1\fileContent)" [_thread_blocked, id=129472, stack(0x0000000022970000,0x0000000022a70000)]
  0x0000000019fc6800 JavaThread "Cache worker for Build Output Cleanup Cache (C:\AndroidStudioProjects\EmployeePassAndVehicleRequisition\.gradle\buildOutputCleanup)" [_thread_blocked, id=129060, stack(0x0000000022670000,0x0000000022770000)]
  0x000000001beae000 JavaThread "pool-2-thread-1" [_thread_blocked, id=129048, stack(0x0000000022370000,0x0000000022470000)]
  0x000000001bead000 JavaThread "Build operations Thread 8" [_thread_blocked, id=126828, stack(0x0000000022270000,0x0000000022370000)]
  0x000000001beab800 JavaThread "Build operations Thread 7" [_thread_blocked, id=118952, stack(0x0000000022170000,0x0000000022270000)]
  0x000000001beab000 JavaThread "Build operations Thread 6" [_thread_blocked, id=122628, stack(0x0000000022070000,0x0000000022170000)]
  0x000000001beaa000 JavaThread "Build operations Thread 5" [_thread_blocked, id=128640, stack(0x0000000021f70000,0x0000000022070000)]
  0x000000001beac800 JavaThread "Build operations Thread 4" [_thread_blocked, id=119956, stack(0x0000000021bd0000,0x0000000021cd0000)]
  0x000000001bea9800 JavaThread "Build operations Thread 3" [_thread_blocked, id=121668, stack(0x00000000208b0000,0x00000000209b0000)]
  0x000000001bea8000 JavaThread "Build operations Thread 2" [_thread_blocked, id=118000, stack(0x00000000207b0000,0x00000000208b0000)]
  0x000000001bea8800 JavaThread "Build operations" [_thread_blocked, id=128120, stack(0x00000000203b0000,0x00000000204b0000)]
  0x000000001bea6800 JavaThread "Cache worker for cache directory md-rule (C:\Users\ian.malabanan\.gradle\caches\5.1.1\md-rule)" [_thread_blocked, id=128200, stack(0x00000000202b0000,0x00000000203b0000)]
  0x000000001be9f000 JavaThread "Cache worker for cache directory md-supplier (C:\Users\ian.malabanan\.gradle\caches\5.1.1\md-supplier)" [_thread_blocked, id=123184, stack(0x000000001e7e0000,0x000000001e8e0000)]
  0x000000001bea5800 JavaThread "Cache worker for file hash cache (C:\AndroidStudioProjects\EmployeePassAndVehicleRequisition\.gradle\5.1.1\fileHashes)" [_thread_blocked, id=125876, stack(0x000000001d210000,0x000000001d310000)]
  0x000000001bea3800 JavaThread "Thread-39" [_thread_blocked, id=125700, stack(0x000000001d010000,0x000000001d110000)]
  0x000000001bea1000 JavaThread "Asynchronous log dispatcher for DefaultDaemonConnection: socket connection from /127.0.0.1:60355 to /127.0.0.1:64358" [_thread_blocked, id=123612, stack(0x000000001ce10000,0x000000001cf10000)]
  0x000000001bea0800 JavaThread "Daemon worker Thread 2" [_thread_blocked, id=121356, stack(0x000000001c910000,0x000000001ca10000)]
  0x000000001bea2800 JavaThread "Cancel handler" [_thread_blocked, id=122316, stack(0x00000000011b0000,0x00000000012b0000)]
  0x000000001be9f800 JavaThread "Handler for socket connection from /127.0.0.1:60355 to /127.0.0.1:64358" [_thread_in_native, id=83076, stack(0x00000000010b0000,0x00000000011b0000)]
  0x000000001bea5000 JavaThread "Daemon Thread 2" [_thread_blocked, id=126924, stack(0x0000000000fb0000,0x00000000010b0000)]
  0x000000001bea7000 JavaThread "Memory manager" [_thread_blocked, id=123384, stack(0x0000000024a90000,0x0000000024b90000)]
  0x000000001bea4000 JavaThread "Cache worker for execution history cache (C:\Users\ian.malabanan\.gradle\caches\5.1.1\executionHistory)" [_thread_blocked, id=95588, stack(0x00000000204b0000,0x00000000205b0000)]
  0x0000000019fc9800 JavaThread "Cache worker for journal cache (C:\Users\ian.malabanan\.gradle\caches\journal-1)" [_thread_blocked, id=57936, stack(0x000000001d510000,0x000000001d610000)]
  0x0000000018c75800 JavaThread "File lock request listener" [_thread_in_native, id=114888, stack(0x000000001d410000,0x000000001d510000)]
  0x0000000018c75000 JavaThread "Cache worker for file hash cache (C:\Users\ian.malabanan\.gradle\caches\5.1.1\fileHashes)" [_thread_blocked, id=119820, stack(0x000000001d310000,0x000000001d410000)]
  0x000000001b218800 JavaThread "Daemon periodic checks" [_thread_blocked, id=124680, stack(0x000000001c810000,0x000000001c910000)]
  0x000000001b08f000 JavaThread "Incoming local TCP Connector on port 60355" [_thread_in_native, id=119688, stack(0x000000001b0a0000,0x000000001b1a0000)]
  0x0000000018a96800 JavaThread "Service Thread" daemon [_thread_blocked, id=121224, stack(0x00000000196d0000,0x00000000197d0000)]
  0x0000000018a05000 JavaThread "C1 CompilerThread3" daemon [_thread_in_native, id=123364, stack(0x00000000195d0000,0x00000000196d0000)]
=>0x0000000018a01000 JavaThread "C2 CompilerThread2" daemon [_thread_in_native, id=81932, stack(0x00000000194d0000,0x00000000195d0000)]
  0x00000000189fe000 JavaThread "C2 CompilerThread1" daemon [_thread_in_native, id=124548, stack(0x00000000193d0000,0x00000000194d0000)]
  0x00000000189f9800 JavaThread "C2 CompilerThread0" daemon [_thread_in_native, id=118804, stack(0x00000000192d0000,0x00000000193d0000)]
  0x00000000189f8000 JavaThread "Attach Listener" daemon [_thread_blocked, id=124052, stack(0x00000000191d0000,0x00000000192d0000)]
  0x00000000189f5000 JavaThread "Signal Dispatcher" daemon [_thread_blocked, id=119964, stack(0x00000000190d0000,0x00000000191d0000)]
  0x0000000002df9000 JavaThread "Finalizer" daemon [_thread_blocked, id=123156, stack(0x0000000018ed0000,0x0000000018fd0000)]
  0x0000000016bbc000 JavaThread "Reference Handler" daemon [_thread_blocked, id=66108, stack(0x0000000018dd0000,0x0000000018ed0000)]
  0x0000000002bfe000 JavaThread "main" [_thread_blocked, id=122200, stack(0x0000000002c00000,0x0000000002d00000)]

Other Threads:
  0x0000000016bb8000 VMThread [stack: 0x00000000188d0000,0x00000000189d0000] [id=124696]
  0x0000000018a2c800 WatcherThread [stack: 0x00000000197d0000,0x00000000198d0000] [id=123672]

VM state:not at safepoint (normal execution)

VM Mutex/Monitor currently owned by a thread: None

heap address: 0x00000000a0000000, size: 1536 MB, Compressed Oops mode: 32-bit
Narrow klass base: 0x0000000000000000, Narrow klass shift: 3
Compressed class space size: 1073741824 Address: 0x0000000100000000

Heap:
 PSYoungGen      total 135168K, used 45789K [0x00000000e0000000, 0x00000000ea380000, 0x0000000100000000)
  eden space 104960K, 14% used [0x00000000e0000000,0x00000000e0f3c340,0x00000000e6680000)
  from space 30208K, 99% used [0x00000000e6680000,0x00000000e83fb3b0,0x00000000e8400000)
  to   space 25088K, 0% used [0x00000000e8400000,0x00000000e8400000,0x00000000e9c80000)
 ParOldGen       total 98816K, used 55356K [0x00000000a0000000, 0x00000000a6080000, 0x00000000e0000000)
  object space 98816K, 56% used [0x00000000a0000000,0x00000000a360f358,0x00000000a6080000)
 Metaspace       used 84763K, capacity 87718K, committed 87896K, reserved 1126400K
  class space    used 10736K, capacity 11386K, committed 11392K, reserved 1048576K

Card table byte_map: [0x00000000121c0000,0x00000000124d0000] byte_map_base: 0x0000000011cc0000

Marking Bits: (ParMarkBitMap*) 0x00000000689e9f30
 Begin Bits: [0x0000000012ed0000, 0x00000000146d0000)
 End Bits:   [0x00000000146d0000, 0x0000000015ed0000)

Polling page: 0x0000000000dc0000

CodeCache: size=245760Kb used=40613Kb max_used=40613Kb free=205146Kb
 bounds [0x0000000002e00000, 0x00000000055e0000, 0x0000000011e00000]
 total_blobs=13196 nmethods=12225 adapters=882
 compilation: enabled

Compilation events (10 events):
Event: 5940.544 Thread 0x0000000018a05000 nmethod 14262 0x00000000055aad10 code [0x00000000055aae60, 0x00000000055aaf70]
Event: 5940.544 Thread 0x0000000018a05000 14100       1       java.util.stream.ForEachOps$ForEachOp::get (2 bytes)
Event: 5940.544 Thread 0x0000000018a05000 nmethod 14100 0x00000000055aafd0 code [0x00000000055ab120, 0x00000000055ab230]
Event: 5940.544 Thread 0x0000000018a05000 14275       1       com.android.tools.r8.ir.code.Move::hasInvariantOutType (2 bytes)
Event: 5940.544 Thread 0x0000000018a05000 nmethod 14275 0x00000000055ab290 code [0x00000000055ab3e0, 0x00000000055ab4f0]
Event: 5940.544 Thread 0x0000000018a05000 14502       3       com.android.tools.r8.ir.code.BasicBlock::canThrow (41 bytes)
Event: 5940.545 Thread 0x0000000018a05000 nmethod 14502 0x00000000055ab550 code [0x00000000055ab760, 0x00000000055ac168]
Event: 5940.545 Thread 0x0000000018a05000 14507       3       com.android.tools.r8.com.google.common.collect.ImmutableList$ReverseImmutableList::size (8 bytes)
Event: 5940.545 Thread 0x0000000018a05000 nmethod 14507 0x00000000055ac690 code [0x00000000055ac800, 0x00000000055aca28]
Event: 5940.545 Thread 0x0000000018a05000 14503       3       com.android.tools.r8.ir.conversion.IRConverter$$Lambda$567/895103739::test (8 bytes)

GC Heap History (10 events):
Event: 5877.435 GC heap before
{Heap before GC invocations=20 (full 3):
 PSYoungGen      total 129024K, used 128601K [0x00000000e0000000, 0x00000000e9b80000, 0x0000000100000000)
  eden space 120832K, 100% used [0x00000000e0000000,0x00000000e7600000,0x00000000e7600000)
  from space 8192K, 94% used [0x00000000e9380000,0x00000000e9b16790,0x00000000e9b80000)
  to   space 17408K, 0% used [0x00000000e7980000,0x00000000e7980000,0x00000000e8a80000)
 ParOldGen       total 98816K, used 32557K [0x00000000a0000000, 0x00000000a6080000, 0x00000000e0000000)
  object space 98816K, 32% used [0x00000000a0000000,0x00000000a1fcb558,0x00000000a6080000)
 Metaspace       used 64963K, capacity 66940K, committed 67160K, reserved 1107968K
  class space    used 8451K, capacity 8967K, committed 9088K, reserved 1048576K
Event: 5877.488 GC heap after
Heap after GC invocations=20 (full 3):
 PSYoungGen      total 130048K, used 12740K [0x00000000e0000000, 0x00000000e9480000, 0x0000000100000000)
  eden space 117248K, 0% used [0x00000000e0000000,0x00000000e0000000,0x00000000e7280000)
  from space 12800K, 99% used [0x00000000e7980000,0x00000000e85f1030,0x00000000e8600000)
  to   space 14848K, 0% used [0x00000000e8600000,0x00000000e8600000,0x00000000e9480000)
 ParOldGen       total 98816K, used 32565K [0x00000000a0000000, 0x00000000a6080000, 0x00000000e0000000)
  object space 98816K, 32% used [0x00000000a0000000,0x00000000a1fcd558,0x00000000a6080000)
 Metaspace       used 64963K, capacity 66940K, committed 67160K, reserved 1107968K
  class space    used 8451K, capacity 8967K, committed 9088K, reserved 1048576K
}
Event: 5890.674 GC heap before
{Heap before GC invocations=21 (full 3):
 PSYoungGen      total 130048K, used 129988K [0x00000000e0000000, 0x00000000e9480000, 0x0000000100000000)
  eden space 117248K, 100% used [0x00000000e0000000,0x00000000e7280000,0x00000000e7280000)
  from space 12800K, 99% used [0x00000000e7980000,0x00000000e85f1030,0x00000000e8600000)
  to   space 14848K, 0% used [0x00000000e8600000,0x00000000e8600000,0x00000000e9480000)
 ParOldGen       total 98816K, used 32565K [0x00000000a0000000, 0x00000000a6080000, 0x00000000e0000000)
  object space 98816K, 32% used [0x00000000a0000000,0x00000000a1fcd558,0x00000000a6080000)
 Metaspace       used 69259K, capacity 71412K, committed 71768K, reserved 1112064K
  class space    used 8932K, capacity 9481K, committed 9600K, reserved 1048576K
Event: 5890.686 GC heap after
Heap after GC invocations=21 (full 3):
 PSYoungGen      total 128512K, used 14844K [0x00000000e0000000, 0x00000000e9600000, 0x0000000100000000)
  eden space 113664K, 0% used [0x00000000e0000000,0x00000000e0000000,0x00000000e6f00000)
  from space 14848K, 99% used [0x00000000e8600000,0x00000000e947f330,0x00000000e9480000)
  to   space 19968K, 0% used [0x00000000e6f00000,0x00000000e6f00000,0x00000000e8280000)
 ParOldGen       total 98816K, used 36143K [0x00000000a0000000, 0x00000000a6080000, 0x00000000e0000000)
  object space 98816K, 36% used [0x00000000a0000000,0x00000000a234bde8,0x00000000a6080000)
 Metaspace       used 69259K, capacity 71412K, committed 71768K, reserved 1112064K
  class space    used 8932K, capacity 9481K, committed 9600K, reserved 1048576K
}
Event: 5927.967 GC heap before
{Heap before GC invocations=22 (full 3):
 PSYoungGen      total 128512K, used 128508K [0x00000000e0000000, 0x00000000e9600000, 0x0000000100000000)
  eden space 113664K, 100% used [0x00000000e0000000,0x00000000e6f00000,0x00000000e6f00000)
  from space 14848K, 99% used [0x00000000e8600000,0x00000000e947f330,0x00000000e9480000)
  to   space 19968K, 0% used [0x00000000e6f00000,0x00000000e6f00000,0x00000000e8280000)
 ParOldGen       total 98816K, used 36143K [0x00000000a0000000, 0x00000000a6080000, 0x00000000e0000000)
  object space 98816K, 36% used [0x00000000a0000000,0x00000000a234bde8,0x00000000a6080000)
 Metaspace       used 74704K, capacity 76830K, committed 76888K, reserved 1116160K
  class space    used 9576K, capacity 10108K, committed 10112K, reserved 1048576K
Event: 5927.984 GC heap after
Heap after GC invocations=22 (full 3):
 PSYoungGen      total 130048K, used 19954K [0x00000000e0000000, 0x00000000e9c80000, 0x0000000100000000)
  eden space 110080K, 0% used [0x00000000e0000000,0x00000000e0000000,0x00000000e6b80000)
  from space 19968K, 99% used [0x00000000e6f00000,0x00000000e827c9c8,0x00000000e8280000)
  to   space 25088K, 0% used [0x00000000e8400000,0x00000000e8400000,0x00000000e9c80000)
 ParOldGen       total 98816K, used 44208K [0x00000000a0000000, 0x00000000a6080000, 0x00000000e0000000)
  object space 98816K, 44% used [0x00000000a0000000,0x00000000a2b2c378,0x00000000a6080000)
 Metaspace       used 74704K, capacity 76830K, committed 76888K, reserved 1116160K
  class space    used 9576K, capacity 10108K, committed 10112K, reserved 1048576K
}
Event: 5932.306 GC heap before
{Heap before GC invocations=23 (full 3):
 PSYoungGen      total 130048K, used 130034K [0x00000000e0000000, 0x00000000e9c80000, 0x0000000100000000)
  eden space 110080K, 100% used [0x00000000e0000000,0x00000000e6b80000,0x00000000e6b80000)
  from space 19968K, 99% used [0x00000000e6f00000,0x00000000e827c9c8,0x00000000e8280000)
  to   space 25088K, 0% used [0x00000000e8400000,0x00000000e8400000,0x00000000e9c80000)
 ParOldGen       total 98816K, used 44208K [0x00000000a0000000, 0x00000000a6080000, 0x00000000e0000000)
  object space 98816K, 44% used [0x00000000a0000000,0x00000000a2b2c378,0x00000000a6080000)
 Metaspace       used 76744K, capacity 78884K, committed 79064K, reserved 1118208K
  class space    used 9690K, capacity 10237K, committed 10240K, reserved 1048576K
Event: 5932.336 GC heap after
Heap after GC invocations=23 (full 3):
 PSYoungGen      total 130048K, used 25087K [0x00000000e0000000, 0x00000000ea380000, 0x0000000100000000)
  eden space 104960K, 0% used [0x00000000e0000000,0x00000000e0000000,0x00000000e6680000)
  from space 25088K, 99% used [0x00000000e8400000,0x00000000e9c7ff98,0x00000000e9c80000)
  to   space 30208K, 0% used [0x00000000e6680000,0x00000000e6680000,0x00000000e8400000)
 ParOldGen       total 98816K, used 48970K [0x00000000a0000000, 0x00000000a6080000, 0x00000000e0000000)
  object space 98816K, 49% used [0x00000000a0000000,0x00000000a2fd2b58,0x00000000a6080000)
 Metaspace       used 76744K, capacity 78884K, committed 79064K, reserved 1118208K
  class space    used 9690K, capacity 10237K, committed 10240K, reserved 1048576K
}
Event: 5940.490 GC heap before
{Heap before GC invocations=24 (full 3):
 PSYoungGen      total 130048K, used 130047K [0x00000000e0000000, 0x00000000ea380000, 0x0000000100000000)
  eden space 104960K, 100% used [0x00000000e0000000,0x00000000e6680000,0x00000000e6680000)
  from space 25088K, 99% used [0x00000000e8400000,0x00000000e9c7ff98,0x00000000e9c80000)
  to   space 30208K, 0% used [0x00000000e6680000,0x00000000e6680000,0x00000000e8400000)
 ParOldGen       total 98816K, used 48970K [0x00000000a0000000, 0x00000000a6080000, 0x00000000e0000000)
  object space 98816K, 49% used [0x00000000a0000000,0x00000000a2fd2b58,0x00000000a6080000)
 Metaspace       used 84538K, capacity 87520K, committed 87640K, reserved 1126400K
  class space    used 10732K, capacity 11385K, committed 11392K, reserved 1048576K
Event: 5940.508 GC heap after
Heap after GC invocations=24 (full 3):
 PSYoungGen      total 135168K, used 30188K [0x00000000e0000000, 0x00000000ea380000, 0x0000000100000000)
  eden space 104960K, 0% used [0x00000000e0000000,0x00000000e0000000,0x00000000e6680000)
  from space 30208K, 99% used [0x00000000e6680000,0x00000000e83fb3b0,0x00000000e8400000)
  to   space 25088K, 0% used [0x00000000e8400000,0x00000000e8400000,0x00000000e9c80000)
 ParOldGen       total 98816K, used 55356K [0x00000000a0000000, 0x00000000a6080000, 0x00000000e0000000)
  object space 98816K, 56% used [0x00000000a0000000,0x00000000a360f358,0x00000000a6080000)
 Metaspace       used 84538K, capacity 87520K, committed 87640K, reserved 1126400K
  class space    used 10732K, capacity 11385K, committed 11392K, reserved 1048576K
}

Deoptimization events (10 events):
Event: 5940.369 Thread 0x000000001de9e000 Uncommon trap: reason=bimorphic action=maybe_recompile pc=0x0000000005590808 method=com.android.tools.r8.ir.code.ValueType.fromTypeLattice(Lcom/android/tools/r8/ir/analysis/type/TypeLatticeElement;)Lcom/android/tools/r8/ir/code/ValueType; @ 1
Event: 5940.369 Thread 0x000000001de9e000 Uncommon trap: reason=bimorphic action=maybe_recompile pc=0x0000000005590808 method=com.android.tools.r8.ir.code.ValueType.fromTypeLattice(Lcom/android/tools/r8/ir/analysis/type/TypeLatticeElement;)Lcom/android/tools/r8/ir/code/ValueType; @ 1
Event: 5940.369 Thread 0x000000001de9e000 Uncommon trap: reason=bimorphic action=maybe_recompile pc=0x0000000005589798 method=com.android.tools.r8.ir.code.ValueType.fromTypeLattice(Lcom/android/tools/r8/ir/analysis/type/TypeLatticeElement;)Lcom/android/tools/r8/ir/code/ValueType; @ 1
Event: 5940.369 Thread 0x000000001de9e000 Uncommon trap: reason=bimorphic action=maybe_recompile pc=0x000000000557a434 method=com.android.tools.r8.ir.code.ValueType.fromTypeLattice(Lcom/android/tools/r8/ir/analysis/type/TypeLatticeElement;)Lcom/android/tools/r8/ir/code/ValueType; @ 1
Event: 5940.369 Thread 0x000000001de9e000 Uncommon trap: reason=unstable_if action=reinterpret pc=0x0000000005576488 method=com.android.tools.r8.ir.code.ValueType.isWide()Z @ 4
Event: 5940.490 Thread 0x000000001e736800 Uncommon trap: reason=unstable_if action=reinterpret pc=0x0000000004e69bb8 method=com.android.tools.r8.ir.conversion.JarState.getLocalRegister(ILcom/android/tools/r8/org/objectweb/asm/Type;)I @ 81
Event: 5940.490 Thread 0x000000001e736800 Uncommon trap: reason=unstable_if action=reinterpret pc=0x0000000004d50574 method=com.android.tools.r8.ir.conversion.JarState.getLocalRegister(ILcom/android/tools/r8/org/objectweb/asm/Type;)I @ 81
Event: 5940.490 Thread 0x000000001e736800 Uncommon trap: reason=unstable_if action=reinterpret pc=0x0000000004e92358 method=com.android.tools.r8.ir.conversion.JarState$Slot.isCompatible(Lcom/android/tools/r8/org/objectweb/asm/Type;Lcom/android/tools/r8/org/objectweb/asm/Type;)Z @ 109
Event: 5940.509 Thread 0x000000001e736800 Uncommon trap: reason=unstable_if action=reinterpret pc=0x0000000004d5e344 method=com.android.tools.r8.ir.conversion.JarState.getLocalRegister(ILcom/android/tools/r8/org/objectweb/asm/Type;)I @ 81
Event: 5940.510 Thread 0x000000001e736800 Uncommon trap: reason=unstable_if action=reinterpret pc=0x0000000004de4bd8 method=com.android.tools.r8.ir.conversion.JarState.getLocalRegister(ILcom/android/tools/r8/org/objectweb/asm/Type;)I @ 81

Classes redefined (0 events):
No events

Internal exceptions (10 events):
Event: 5934.288 Thread 0x000000001bea8000 Implicit null exception at 0x00000000054697ff to 0x000000000546a029
Event: 5936.241 Thread 0x000000001e732000 Exception <a 'java/lang/NoSuchMethodError': java.lang.Object.lambda$and$0(Ljava/util/function/Predicate;Ljava/lang/Object;)Z> (0x00000000e18a6438) thrown at [D:\src\AOSP-openjdk-cygwin\jdk8u\hotspot\src\share\vm\interpreter\linkResolver.cpp, line 620]
Event: 5936.241 Thread 0x000000001de9e000 Exception <a 'java/lang/NoSuchMethodError': java.lang.Object.lambda$and$0(Ljava/util/function/Predicate;Ljava/lang/Object;)Z> (0x00000000e187fb60) thrown at [D:\src\AOSP-openjdk-cygwin\jdk8u\hotspot\src\share\vm\interpreter\linkResolver.cpp, line 620]
Event: 5936.241 Thread 0x000000001dea8800 Exception <a 'java/lang/NoSuchMethodError': java.lang.Object.lambda$and$0(Ljava/util/function/Predicate;Ljava/lang/Object;)Z> (0x00000000e18da818) thrown at [D:\src\AOSP-openjdk-cygwin\jdk8u\hotspot\src\share\vm\interpreter\linkResolver.cpp, line 620]
Event: 5936.241 Thread 0x000000001e736800 Exception <a 'java/lang/NoSuchMethodError': java.lang.Object.lambda$and$0(Ljava/util/function/Predicate;Ljava/lang/Object;)Z> (0x00000000e184df08) thrown at [D:\src\AOSP-openjdk-cygwin\jdk8u\hotspot\src\share\vm\interpreter\linkResolver.cpp, line 620]
Event: 5936.360 Thread 0x000000001e732000 Exception <a 'java/lang/NoSuchMethodError': java.lang.Object.lambda$static$0(Ljava/lang/String;)Z> (0x00000000e18efb48) thrown at [D:\src\AOSP-openjdk-cygwin\jdk8u\hotspot\src\share\vm\interpreter\linkResolver.cpp, line 620]
Event: 5936.735 Thread 0x000000001e732000 Exception <a 'sun/nio/fs/WindowsException'> (0x00000000e1f08490) thrown at [D:\src\AOSP-openjdk-cygwin\jdk8u\hotspot\src\share\vm\prims\jni.cpp, line 710]
Event: 5936.735 Thread 0x000000001dea8800 Exception <a 'sun/nio/fs/WindowsException'> (0x00000000e1f2c160) thrown at [D:\src\AOSP-openjdk-cygwin\jdk8u\hotspot\src\share\vm\prims\jni.cpp, line 710]
Event: 5936.735 Thread 0x000000001e736800 Exception <a 'sun/nio/fs/WindowsException'> (0x00000000e1f0edc8) thrown at [D:\src\AOSP-openjdk-cygwin\jdk8u\hotspot\src\share\vm\prims\jni.cpp, line 710]
Event: 5936.735 Thread 0x000000001de9e000 Exception <a 'sun/nio/fs/WindowsException'> (0x00000000e1e85268) thrown at [D:\src\AOSP-openjdk-cygwin\jdk8u\hotspot\src\share\vm\prims\jni.cpp, line 710]

Events (10 events):
Event: 5940.534 loading class com/android/tools/r8/ir/desugar/InterfaceMethodRewriter$Flavor
Event: 5940.534 loading class com/android/tools/r8/ir/desugar/InterfaceMethodRewriter$Flavor done
Event: 5940.536 loading class com/android/tools/r8/it/unimi/dsi/fastutil/objects/Object2IntFunction
Event: 5940.536 loading class com/android/tools/r8/it/unimi/dsi/fastutil/objects/Object2IntFunction done
Event: 5940.536 loading class com/android/tools/r8/com/google/common/collect/AbstractMapBasedMultimap$AsMap
Event: 5940.536 loading class com/android/tools/r8/com/google/common/collect/AbstractMapBasedMultimap$AsMap done
Event: 5940.538 loading class com/android/tools/r8/it/unimi/dsi/fastutil/ints/Int2ObjectAVLTreeMap
Event: 5940.538 loading class com/android/tools/r8/it/unimi/dsi/fastutil/ints/Int2ObjectAVLTreeMap done
Event: 5940.538 loading class com/android/tools/r8/com/google/common/collect/Maps$ViewCachingAbstractMap
Event: 5940.538 loading class com/android/tools/r8/com/google/common/collect/Maps$ViewCachingAbstractMap done


Dynamic libraries:
0x00007ff7c9c60000 - 0x00007ff7c9c91000 	C:\AndroidStudio\IDE\jre\bin\java.exe
0x00007ffafddc0000 - 0x00007ffafdfb0000 	C:\WINDOWS\SYSTEM32\ntdll.dll
0x00007ffafbf40000 - 0x00007ffafbff2000 	C:\WINDOWS\System32\KERNEL32.DLL
0x00007ffafb020000 - 0x00007ffafb2c5000 	C:\WINDOWS\System32\KERNELBASE.dll
0x00007ffafc420000 - 0x00007ffafc4c3000 	C:\WINDOWS\System32\ADVAPI32.dll
0x00007ffafcb50000 - 0x00007ffafcbee000 	C:\WINDOWS\System32\msvcrt.dll
0x00007ffafd3a0000 - 0x00007ffafd437000 	C:\WINDOWS\System32\sechost.dll
0x00007ffafca30000 - 0x00007ffafcb50000 	C:\WINDOWS\System32\RPCRT4.dll
0x00007ffafc000000 - 0x00007ffafc195000 	C:\WINDOWS\System32\USER32.dll
0x00007ffafb2d0000 - 0x00007ffafb2f1000 	C:\WINDOWS\System32\win32u.dll
0x00007ffafc4d0000 - 0x00007ffafc4f6000 	C:\WINDOWS\System32\GDI32.dll
0x00007ffafbc20000 - 0x00007ffafbdb6000 	C:\WINDOWS\System32\gdi32full.dll
0x00007ffafb300000 - 0x00007ffafb39e000 	C:\WINDOWS\System32\msvcp_win.dll
0x00007ffafadd0000 - 0x00007ffafaeca000 	C:\WINDOWS\System32\ucrtbase.dll
0x00007ffae72b0000 - 0x00007ffae7534000 	C:\WINDOWS\WinSxS\amd64_microsoft.windows.common-controls_6595b64144ccf1df_6.0.18362.1082_none_9e8193e1e45b25c1\COMCTL32.dll
0x00007ffafc510000 - 0x00007ffafc845000 	C:\WINDOWS\System32\combase.dll
0x00007ffafb420000 - 0x00007ffafb4a0000 	C:\WINDOWS\System32\bcryptPrimitives.dll
0x00007ffafdcb0000 - 0x00007ffafdcde000 	C:\WINDOWS\System32\IMM32.DLL
0x0000000068140000 - 0x0000000068212000 	C:\AndroidStudio\IDE\jre\jre\bin\msvcr100.dll
0x0000000068220000 - 0x0000000068a66000 	C:\AndroidStudio\IDE\jre\jre\bin\server\jvm.dll
0x00007ffafdce0000 - 0x00007ffafdce8000 	C:\WINDOWS\System32\PSAPI.DLL
0x00007ffaf65f0000 - 0x00007ffaf65fa000 	C:\WINDOWS\SYSTEM32\VERSION.dll
0x00007ffaf7cc0000 - 0x00007ffaf7ce4000 	C:\WINDOWS\SYSTEM32\WINMM.dll
0x00007ffaf7c90000 - 0x00007ffaf7cbd000 	C:\WINDOWS\SYSTEM32\WINMMBASE.dll
0x00007ffafad80000 - 0x00007ffafadca000 	C:\WINDOWS\System32\cfgmgr32.dll
0x00007ffadec80000 - 0x00007ffadec89000 	C:\WINDOWS\SYSTEM32\WSOCK32.dll
0x00007ffafcca0000 - 0x00007ffafcd0f000 	C:\WINDOWS\System32\WS2_32.dll
0x00007ffaf8be0000 - 0x00007ffaf8bef000 	C:\AndroidStudio\IDE\jre\jre\bin\verify.dll
0x00007ffaf5ee0000 - 0x00007ffaf5f09000 	C:\AndroidStudio\IDE\jre\jre\bin\java.dll
0x00007ffaf7140000 - 0x00007ffaf7156000 	C:\AndroidStudio\IDE\jre\jre\bin\zip.dll
0x00007ffafd5c0000 - 0x00007ffafdca7000 	C:\WINDOWS\System32\SHELL32.dll
0x00007ffafd440000 - 0x00007ffafd4e9000 	C:\WINDOWS\System32\shcore.dll
0x00007ffafb4a0000 - 0x00007ffafbc20000 	C:\WINDOWS\System32\windows.storage.dll
0x00007ffafac90000 - 0x00007ffafacb3000 	C:\WINDOWS\System32\profapi.dll
0x00007ffafacc0000 - 0x00007ffafad0a000 	C:\WINDOWS\System32\powrprof.dll
0x00007ffafac80000 - 0x00007ffafac90000 	C:\WINDOWS\System32\UMPDC.dll
0x00007ffafd340000 - 0x00007ffafd392000 	C:\WINDOWS\System32\shlwapi.dll
0x00007ffafad10000 - 0x00007ffafad21000 	C:\WINDOWS\System32\kernel.appcore.dll
0x00007ffafb400000 - 0x00007ffafb417000 	C:\WINDOWS\System32\cryptsp.dll
0x00007ffaf5560000 - 0x00007ffaf557a000 	C:\AndroidStudio\IDE\jre\jre\bin\net.dll
0x00007ffafa470000 - 0x00007ffafa4d7000 	C:\WINDOWS\system32\mswsock.dll
0x00007ffaf4040000 - 0x00007ffaf4051000 	C:\AndroidStudio\IDE\jre\jre\bin\nio.dll
0x00007ffad3400000 - 0x00007ffad341e000 	C:\Users\ian.malabanan\.gradle\native\25\windows-amd64\native-platform.dll
0x00007ffaf8bd0000 - 0x00007ffaf8bdd000 	C:\AndroidStudio\IDE\jre\jre\bin\management.dll
0x00007ffaf9fe0000 - 0x00007ffafa013000 	C:\WINDOWS\system32\rsaenh.dll
0x00007ffafad50000 - 0x00007ffafad76000 	C:\WINDOWS\System32\bcrypt.dll
0x00007ffafaba0000 - 0x00007ffafabc5000 	C:\WINDOWS\SYSTEM32\USERENV.dll
0x00007ffafa640000 - 0x00007ffafa64c000 	C:\WINDOWS\SYSTEM32\CRYPTBASE.dll
0x00007ffafa180000 - 0x00007ffafa1ba000 	C:\WINDOWS\SYSTEM32\IPHLPAPI.DLL
0x00007ffafdcf0000 - 0x00007ffafdcf8000 	C:\WINDOWS\System32\NSI.dll
0x00007ffaf6bf0000 - 0x00007ffaf6c06000 	C:\WINDOWS\SYSTEM32\dhcpcsvc6.DLL
0x00007ffaf6bd0000 - 0x00007ffaf6bec000 	C:\WINDOWS\SYSTEM32\dhcpcsvc.DLL
0x00007ffafa210000 - 0x00007ffafa2db000 	C:\WINDOWS\SYSTEM32\DNSAPI.dll
0x00007ffab3ed0000 - 0x00007ffab406c000 	C:\AndroidStudio\IDE\jre\jre\bin\awt.dll
0x00007ffafc1a0000 - 0x00007ffafc265000 	C:\WINDOWS\System32\OLEAUT32.dll
0x00007ffaf9200000 - 0x00007ffaf922d000 	C:\WINDOWS\SYSTEM32\dwmapi.dll
0x00007ffaf76d0000 - 0x00007ffaf7c90000 	C:\WINDOWS\SYSTEM32\d2d1.dll
0x00007ffaf8cb0000 - 0x00007ffaf8d3f000 	C:\WINDOWS\SYSTEM32\apphelp.dll
0x00007ffaf8dd0000 - 0x00007ffaf8e69000 	C:\WINDOWS\system32\uxtheme.dll

VM Arguments:
jvm_args: -Xmx1536m -Dfile.encoding=windows-1252 -Duser.country=PH -Duser.language=en -Duser.variant 
java_command: org.gradle.launcher.daemon.bootstrap.GradleDaemon 5.1.1
java_class_path (initial): C:\Users\ian.malabanan\.gradle\wrapper\dists\gradle-5.1.1-all\97z1ksx6lirer3kbvdnh7jtjg\gradle-5.1.1\lib\gradle-launcher-5.1.1.jar
Launcher Type: SUN_STANDARD

Environment Variables:
PATH=C:\Program Files (x86)\Common Files\Oracle\Java\javapath;C:\ProgramData\Oracle\Java\javapath;C:\Program Files (x86)\Intel\iCLS Client\;C:\Program Files\Intel\iCLS Client\;C:\WINDOWS\system32;C:\WINDOWS;C:\WINDOWS\System32\Wbem;C:\WINDOWS\System32\WindowsPowerShell\v1.0\;C:\Program Files (x86)\Intel\Intel(R) Management Engine Components\DAL;C:\Program Files\Intel\Intel(R) Management Engine Components\DAL;C:\Program Files (x86)\Intel\Intel(R) Management Engine Components\IPT;C:\Program Files\Intel\Intel(R) Management Engine Components\IPT;C:\Program Files\Microsoft SQL Server\Client SDK\ODBC\110\Tools\Binn\;C:\Program Files (x86)\Microsoft SQL Server\120\Tools\Binn\;C:\Program Files\Microsoft SQL Server\120\Tools\Binn\;C:\Program Files\Microsoft SQL Server\120\DTS\Binn\;C:\Program Files (x86)\Microsoft SQL Server\120\Tools\Binn\ManagementStudio\;C:\Program Files (x86)\Microsoft SQL Server\120\DTS\Binn\;C:\Program Files\Microsoft SQL Server\110\Tools\Binn\;C:\Program Files\dotnet\;C:\Program Files\Microsoft SQL Server\130\Tools\Binn\;C:\Program Files\Trend Micro\File Encryption;;C:\WINDOWS\system32;C:\WINDOWS;C:\WINDOWS\System32\Wbem;C:\WINDOWS\System32\WindowsPowerShell\v1.0\;C:\WINDOWS\System32\OpenSSH\;C:\Program Files\nodejs\;C:\WINDOWS\system32\config\systemprofile\.dnx\bin;C:\Program Files\Microsoft DNX\Dnvm\;C:\Users\ian.malabanan\AppData\Local\Microsoft\WindowsApps;C:\Users\ian.malabanan\AppData\Roaming\npm
USERNAME=ian.malabanan
OS=Windows_NT
PROCESSOR_IDENTIFIER=Intel64 Family 6 Model 158 Stepping 9, GenuineIntel



---------------  S Y S T E M  ---------------

OS: Windows 10.0 , 64 bit Build 18362 (10.0.18362.1082)

CPU:total 8 (initial active 8) (4 cores per cpu, 2 threads per core) family 6 model 158 stepping 9, cmov, cx8, fxsr, mmx, sse, sse2, sse3, ssse3, sse4.1, sse4.2, popcnt, avx, avx2, aes, clmul, erms, rtm, 3dnowpref, lzcnt, ht, tsc, tscinvbit, bmi1, bmi2, adx

Memory: 4k page, physical 12459224k(453196k free), swap 16653528k(712k free)

vm_info: OpenJDK 64-Bit Server VM (25.202-b03) for windows-amd64 JRE (1.8.0_202-release-1483-b03), built by "builder" with MS VC++ 10.0 (VS2010)

time: Sat Oct 03 09:02:05 2020
timezone: China Standard Time
elapsed time: 5940 seconds (0d 1h 39m 0s)

